
		Thu Feb 28 2019
15:53:22 OpenLink Virtuoso Universal Server
15:53:22 Version 07.20.3229-pthreads for Linux as of Aug 22 2018
15:53:22 uses parts of OpenSSL, PCRE, Html Tidy
15:53:23 SQL Optimizer enabled (max 1000 layouts)
15:53:23 Compiler unit is timed at 0.000563 msec
15:53:30 Checkpoint started
15:53:30 Roll forward started
15:53:30 Roll forward complete
15:53:31 Checkpoint started
15:53:31 Checkpoint finished, log reused
15:53:31 Checkpoint started
15:53:31 Checkpoint finished, log reused
15:53:33 Checkpoint started
15:53:33 Checkpoint finished, log reused
15:53:33 Checkpoint started
15:53:34 Checkpoint finished, log reused
15:53:34 Checkpoint started
15:53:34 Checkpoint finished, log reused
15:53:34 PL LOG: Installing Virtuoso Conductor version 1.00.8783 (DAV)
15:53:34 PL LOG: Installing with dependencies Virtuoso Conductor version 1.00.8783/2018-08-22 12:06 (DAV)
15:53:34 Checkpoint started
15:53:34 Checkpoint finished, log reused
15:53:41 Checkpoint started
15:53:42 Checkpoint finished, log reused
15:53:42 PL LOG: Installation with dependencies complete
15:53:42 Checkpoint started
15:53:42 Checkpoint finished, log reused
15:53:42 HTTP/WebDAV server online at 27015
15:53:42 Server online at 1111 (pid 21)
15:53:42 Server received signal 15
15:53:42 Initiating quick shutdown
15:53:42 Server shutdown complete

		Thu Feb 28 2019
15:53:42 OpenLink Virtuoso Universal Server
15:53:42 Version 07.20.3229-pthreads for Linux as of Aug 22 2018
15:53:42 uses parts of OpenSSL, PCRE, Html Tidy
15:53:42 Database version 3126
15:53:42 SQL Optimizer enabled (max 1000 layouts)
15:53:43 Compiler unit is timed at 0.000151 msec
15:53:44 Roll forward started
15:53:44     8 transactions, 1957 bytes replayed (100 %)
15:53:44 Roll forward complete
15:53:44 Checkpoint started
15:53:45 Checkpoint finished, log reused
15:53:45 HTTP/WebDAV server online at 8890
15:53:45 Server online at 1111 (pid 1)
17:00:58 Checkpoint started
17:00:58 Checkpoint finished, log reused
18:01:00 Checkpoint started
18:01:00 Checkpoint finished, log reused
19:01:02 Checkpoint started
19:01:02 Checkpoint finished, log reused
20:01:03 Checkpoint started
20:01:03 Checkpoint finished, log reused
21:01:03 Checkpoint started
21:01:03 Checkpoint finished, log reused

		Fri Mar 01 2019
05:00:06 Checkpoint started
05:00:06 Checkpoint finished, log reused
06:00:06 Checkpoint started
06:00:06 Checkpoint finished, log reused
07:10:48 Checkpoint started
07:10:48 Checkpoint finished, log reused
08:25:05 Checkpoint started
08:25:05 Checkpoint finished, log reused
09:25:08 Checkpoint started
09:25:08 Checkpoint finished, log reused
10:25:09 Checkpoint started
10:25:09 Checkpoint finished, log reused
11:25:11 Checkpoint started
11:25:11 Checkpoint finished, log reused
12:25:11 Checkpoint started
12:25:11 Checkpoint finished, log reused
13:25:12 Checkpoint started
13:25:12 Checkpoint finished, log reused
14:25:14 Checkpoint started
14:25:14 Checkpoint finished, log reused
15:25:14 Checkpoint started
15:25:14 Checkpoint finished, log reused
17:26:54 Checkpoint started
17:26:55 Checkpoint finished, log reused
18:28:52 Checkpoint started
18:28:52 Checkpoint finished, log reused
18:51:02 Server received signal 15
18:51:02 Initiating quick shutdown
18:51:02 Server shutdown complete

		Mon Mar 04 2019
08:30:18 OpenLink Virtuoso Universal Server
08:30:18 Version 07.20.3229-pthreads for Linux as of Aug 22 2018
08:30:18 uses parts of OpenSSL, PCRE, Html Tidy
08:30:18 Database version 3126
08:30:18 SQL Optimizer enabled (max 1000 layouts)
08:30:19 Compiler unit is timed at 0.000157 msec
08:30:21 Roll forward started
08:30:21     27 transactions, 2299 bytes replayed (100 %)
08:30:21 Roll forward complete
08:30:22 Checkpoint started
08:30:22 Checkpoint finished, log reused
08:30:22 HTTP/WebDAV server online at 8890
08:30:22 Server online at 1111 (pid 1)
09:30:23 Checkpoint started
09:30:23 Checkpoint finished, log reused
10:48:54 Checkpoint started
10:48:54 Checkpoint finished, log reused
11:48:56 Checkpoint started
11:48:56 Checkpoint finished, log reused
12:48:57 Checkpoint started
12:48:57 Checkpoint finished, log reused
13:48:58 Checkpoint started
13:48:58 Checkpoint finished, log reused
14:54:52 Checkpoint started
14:54:52 Checkpoint finished, log reused
15:54:54 Checkpoint started
15:54:54 Checkpoint finished, log reused
16:25:17 Server received signal 15
16:25:17 Initiating quick shutdown
16:25:17 Server shutdown complete

		Tue Mar 05 2019
08:50:55 OpenLink Virtuoso Universal Server
08:50:55 Version 07.20.3229-pthreads for Linux as of Aug 22 2018
08:50:55 uses parts of OpenSSL, PCRE, Html Tidy
08:50:55 Database version 3126
08:50:55 SQL Optimizer enabled (max 1000 layouts)
08:50:57 Compiler unit is timed at 0.000170 msec
08:51:00 Roll forward started
08:51:00     50 transactions, 6807 bytes replayed (100 %)
08:51:00 Roll forward complete
08:51:02 Checkpoint started
08:51:02 Checkpoint finished, log reused
08:51:02 HTTP/WebDAV server online at 8890
08:51:02 Server online at 1111 (pid 1)
09:51:03 Checkpoint started
09:51:03 Checkpoint finished, log reused
10:51:04 Checkpoint started
10:51:04 Checkpoint finished, log reused
11:51:05 Checkpoint started
11:51:05 Checkpoint finished, log reused
12:51:06 Checkpoint started
12:51:06 Checkpoint finished, log reused
13:51:06 Checkpoint started
13:51:07 Checkpoint finished, log reused
14:51:07 Checkpoint started
14:51:07 Checkpoint finished, log reused
15:34:18 Server received signal 15
15:34:18 Initiating quick shutdown
15:34:18 Server shutdown complete

		Tue Mar 05 2019
15:34:25 OpenLink Virtuoso Universal Server
15:34:25 Version 07.20.3229-pthreads for Linux as of Aug 22 2018
15:34:25 uses parts of OpenSSL, PCRE, Html Tidy
15:34:25 Database version 3126
15:34:25 SQL Optimizer enabled (max 1000 layouts)
15:34:26 Compiler unit is timed at 0.000144 msec
15:34:28 Roll forward started
15:34:28     39 transactions, 3392 bytes replayed (100 %)
15:34:28 Roll forward complete
15:34:29 Checkpoint started
15:34:29 Checkpoint finished, log reused
15:34:29 HTTP/WebDAV server online at 8890
15:34:29 Server online at 1111 (pid 1)
15:43:09 Server received signal 15
15:43:09 Initiating quick shutdown
15:43:09 Server shutdown complete

		Tue Mar 05 2019
15:44:38 OpenLink Virtuoso Universal Server
15:44:38 Version 07.20.3229-pthreads for Linux as of Aug 22 2018
15:44:38 uses parts of OpenSSL, PCRE, Html Tidy
15:44:38 Database version 3126
15:44:38 SQL Optimizer enabled (max 1000 layouts)
15:44:39 Compiler unit is timed at 0.000155 msec
15:44:42 Roll forward started
15:44:42     12 transactions, 5023 bytes replayed (100 %)
15:44:42 Roll forward complete
15:44:43 Checkpoint started
15:44:43 Checkpoint finished, log reused
15:44:44 HTTP/WebDAV server online at 8890
15:44:44 Server online at 1111 (pid 1)

		Wed Mar 06 2019
03:51:21 Checkpoint started
03:51:21 Checkpoint finished, log reused
05:52:00 Checkpoint started
05:52:00 Checkpoint finished, log reused
06:52:04 Checkpoint started
06:52:04 Checkpoint finished, log reused
07:52:08 Checkpoint started
07:52:08 Checkpoint finished, log reused

		Wed Mar 06 2019
09:13:08 OpenLink Virtuoso Universal Server
09:13:08 Version 07.20.3229-pthreads for Linux as of Aug 22 2018
09:13:08 uses parts of OpenSSL, PCRE, Html Tidy
09:13:08 Database version 3126
09:13:08 SQL Optimizer enabled (max 1000 layouts)
09:13:09 Compiler unit is timed at 0.000198 msec
09:13:12 Roll forward started
09:13:12     51 transactions, 4461 bytes replayed (100 %)
09:13:12 Roll forward complete
09:13:13 Checkpoint started
09:13:13 Checkpoint finished, log reused
09:13:13 HTTP/WebDAV server online at 8890
09:13:13 Server online at 1111 (pid 1)
10:13:14 Checkpoint started
10:13:14 Checkpoint finished, log reused
11:24:03 Checkpoint started
11:24:03 Checkpoint finished, log reused
12:24:05 Checkpoint started
12:24:05 Checkpoint finished, log reused
13:15:30 Server received signal 15
13:15:30 Initiating quick shutdown
13:15:30 Server shutdown complete

		Wed Mar 06 2019
13:17:33 OpenLink Virtuoso Universal Server
13:17:33 Version 07.20.3229-pthreads for Linux as of Aug 22 2018
13:17:33 uses parts of OpenSSL, PCRE, Html Tidy
13:17:33 Database version 3126
13:17:33 SQL Optimizer enabled (max 1000 layouts)
13:17:34 Compiler unit is timed at 0.000162 msec
13:17:38 Roll forward started
13:17:38     114 transactions, 26653 bytes replayed (100 %)
13:17:38 Roll forward complete
13:17:39 Checkpoint started
13:17:40 Checkpoint finished, log reused
13:17:40 HTTP/WebDAV server online at 8890
13:17:40 Server online at 1111 (pid 1)
13:23:51 Server received signal 15
13:23:51 Initiating quick shutdown
13:23:51 Server shutdown complete

		Wed Mar 06 2019
13:24:00 OpenLink Virtuoso Universal Server
13:24:00 Version 07.20.3229-pthreads for Linux as of Aug 22 2018
13:24:00 uses parts of OpenSSL, PCRE, Html Tidy
13:24:00 Database version 3126
13:24:00 SQL Optimizer enabled (max 1000 layouts)
13:24:01 Compiler unit is timed at 0.000168 msec
13:24:03 Roll forward started
13:24:03     12 transactions, 4722 bytes replayed (100 %)
13:24:03 Roll forward complete
13:24:05 Checkpoint started
13:24:05 Checkpoint finished, log reused
13:24:07 HTTP/WebDAV server online at 8890
13:24:07 Server online at 1111 (pid 1)
14:24:07 Checkpoint started
14:24:07 Checkpoint finished, log reused
15:24:07 Checkpoint started
15:24:08 Checkpoint finished, log reused
16:24:08 Checkpoint started
16:24:08 Checkpoint finished, log reused
19:30:51 Checkpoint started
19:30:51 Checkpoint finished, log reused

		Thu Mar 07 2019
04:31:42 Checkpoint started
04:31:42 Checkpoint finished, log reused
05:56:04 Checkpoint started
05:56:04 Checkpoint finished, log reused
06:56:05 Checkpoint started
06:56:05 Checkpoint finished, log reused
07:56:05 Checkpoint started
07:56:05 Checkpoint finished, log reused
08:38:35 Server received signal 15
08:38:35 Initiating quick shutdown
08:38:35 Server shutdown complete

		Thu Mar 07 2019
08:41:15 OpenLink Virtuoso Universal Server
08:41:15 Version 07.20.3229-pthreads for Linux as of Aug 22 2018
08:41:15 uses parts of OpenSSL, PCRE, Html Tidy
08:41:15 Database version 3126
08:41:15 SQL Optimizer enabled (max 1000 layouts)
08:41:17 Compiler unit is timed at 0.000144 msec
08:41:19 Roll forward started
08:41:19     53 transactions, 4633 bytes replayed (100 %)
08:41:19 Roll forward complete
08:41:20 Checkpoint started
08:41:20 Checkpoint finished, log reused
08:41:20 HTTP/WebDAV server online at 8890
08:41:20 Server online at 1111 (pid 1)
09:13:40 * Monitor: Locks are held for a long time
09:41:21 Checkpoint started
09:41:21 Checkpoint finished, log reused
10:51:25 Checkpoint started
10:51:25 Checkpoint finished, log reused
11:51:25 Checkpoint started
11:51:26 Checkpoint finished, log reused
12:51:34 Checkpoint started
12:51:34 Checkpoint finished, log reused
13:51:36 Checkpoint started
13:51:37 Checkpoint finished, log reused
14:51:37 Checkpoint started
14:51:37 Checkpoint finished, log reused
15:51:39 Checkpoint started
15:51:39 Checkpoint finished, log reused

		Fri Mar 08 2019
04:05:44 Checkpoint started
04:05:44 Checkpoint finished, log reused
05:40:17 Checkpoint started
05:40:17 Checkpoint finished, log reused
06:40:19 Checkpoint started
06:40:19 Checkpoint finished, log reused
07:40:20 Checkpoint started
07:40:20 Checkpoint finished, log reused
08:14:05 * Monitor: Locks are held for a long time
08:40:23 Checkpoint started
08:40:24 Checkpoint finished, log reused
09:40:24 Checkpoint started
09:40:24 Checkpoint finished, log reused
10:05:51 Server received signal 15
10:05:51 Initiating quick shutdown
10:05:51 Server shutdown complete

		Fri Mar 08 2019
10:06:56 OpenLink Virtuoso Universal Server
10:06:56 Version 07.20.3229-pthreads for Linux as of Aug 22 2018
10:06:56 uses parts of OpenSSL, PCRE, Html Tidy
10:06:56 Database version 3126
10:06:57 SQL Optimizer enabled (max 1000 layouts)
10:06:58 Compiler unit is timed at 0.000187 msec
10:07:00 Roll forward started
10:07:00     40 transactions, 3470 bytes replayed (100 %)
10:07:00 Roll forward complete
10:07:01 Checkpoint started
10:07:01 Checkpoint finished, log reused
10:07:01 HTTP/WebDAV server online at 8890
10:07:01 Server online at 1111 (pid 1)
10:08:26 Server received signal 15
10:08:26 Initiating quick shutdown
10:08:26 Server shutdown complete

		Fri Mar 08 2019
10:10:22 OpenLink Virtuoso Universal Server
10:10:22 Version 07.20.3229-pthreads for Linux as of Aug 22 2018
10:10:22 uses parts of OpenSSL, PCRE, Html Tidy
10:10:22 Database version 3126
10:10:22 SQL Optimizer enabled (max 1000 layouts)
10:10:23 Compiler unit is timed at 0.000145 msec
10:10:26 Roll forward started
10:10:26     3 transactions, 185 bytes replayed (100 %)
10:10:26 Roll forward complete
10:10:27 Checkpoint started
10:10:27 Checkpoint finished, log reused
10:10:27 HTTP/WebDAV server online at 8890
10:10:27 Server online at 1111 (pid 1)
10:11:19 Server received signal 15
10:11:19 Initiating quick shutdown
10:11:19 Server shutdown complete

		Fri Mar 08 2019
10:12:45 OpenLink Virtuoso Universal Server
10:12:45 Version 07.20.3229-pthreads for Linux as of Aug 22 2018
10:12:45 uses parts of OpenSSL, PCRE, Html Tidy
10:12:45 Database version 3126
10:12:45 SQL Optimizer enabled (max 1000 layouts)
10:12:47 Compiler unit is timed at 0.000186 msec
10:12:50 Roll forward started
10:12:50     3 transactions, 185 bytes replayed (100 %)
10:12:50 Roll forward complete
10:12:52 Checkpoint started
10:12:52 Checkpoint finished, log reused
10:12:54 HTTP/WebDAV server online at 8890
10:12:54 Server online at 1111 (pid 1)
11:34:54 Checkpoint started
11:34:54 Checkpoint finished, log reused
12:34:55 Checkpoint started
12:34:55 Checkpoint finished, log reused
13:38:13 Checkpoint started
13:38:13 Checkpoint finished, log reused
13:58:37 Server received signal 15
13:58:37 Initiating quick shutdown
13:58:37 Server shutdown complete

		Fri Mar 08 2019
13:58:55 OpenLink Virtuoso Universal Server
13:58:55 Version 07.20.3229-pthreads for Linux as of Aug 22 2018
13:58:55 uses parts of OpenSSL, PCRE, Html Tidy
13:58:55 Database version 3126
13:58:55 SQL Optimizer enabled (max 1000 layouts)
13:58:57 Compiler unit is timed at 0.000168 msec
13:58:59 Roll forward started
13:58:59     39 transactions, 3392 bytes replayed (100 %)
13:58:59 Roll forward complete
13:59:00 Checkpoint started
13:59:00 Checkpoint finished, log reused
13:59:02 HTTP/WebDAV server online at 8890
13:59:02 Server online at 1111 (pid 1)
14:59:03 Checkpoint started
14:59:03 Checkpoint finished, log reused
15:59:04 Checkpoint started
15:59:04 Checkpoint finished, log reused
16:15:15 Server received signal 15
16:15:15 Initiating quick shutdown
16:15:15 Server shutdown complete

		Mon Mar 11 2019
08:18:13 OpenLink Virtuoso Universal Server
08:18:13 Version 07.20.3229-pthreads for Linux as of Aug 22 2018
08:18:13 uses parts of OpenSSL, PCRE, Html Tidy
08:18:13 Database version 3126
08:18:13 SQL Optimizer enabled (max 1000 layouts)
08:18:15 Compiler unit is timed at 0.000171 msec
08:18:18 Roll forward started
08:18:18     15 transactions, 1254 bytes replayed (100 %)
08:18:18 Roll forward complete
08:18:20 Checkpoint started
08:18:21 Checkpoint finished, log reused
08:18:21 HTTP/WebDAV server online at 8890
08:18:21 Server online at 1111 (pid 1)
09:18:23 Checkpoint started
09:18:23 Checkpoint finished, log reused
09:34:08 Server received signal 15
09:34:08 Initiating quick shutdown
09:34:08 Server shutdown complete

		Mon Mar 11 2019
09:34:14 OpenLink Virtuoso Universal Server
09:34:14 Version 07.20.3229-pthreads for Linux as of Aug 22 2018
09:34:14 uses parts of OpenSSL, PCRE, Html Tidy
09:34:14 Database version 3126
09:34:14 SQL Optimizer enabled (max 1000 layouts)
09:34:15 Compiler unit is timed at 0.000182 msec
09:34:17 Roll forward started
09:34:17     27 transactions, 2323 bytes replayed (100 %)
09:34:17 Roll forward complete
09:34:18 Checkpoint started
09:34:18 Checkpoint finished, log reused
09:34:18 HTTP/WebDAV server online at 8890
09:34:18 Server online at 1111 (pid 1)
10:52:03 Checkpoint started
10:52:03 Checkpoint finished, log reused
11:52:04 Checkpoint started
11:52:04 Checkpoint finished, log reused
12:52:05 Checkpoint started
12:52:05 Checkpoint finished, log reused
13:52:05 Checkpoint started
13:52:05 Checkpoint finished, log reused
14:52:06 Checkpoint started
14:52:07 Checkpoint finished, log reused
15:52:09 Checkpoint started
15:52:09 Checkpoint finished, log reused
17:55:02 Checkpoint started
17:55:02 Checkpoint finished, log reused
18:12:52 Server received signal 15
18:12:52 Initiating quick shutdown
18:12:52 Server shutdown complete

		Tue Mar 12 2019
07:28:40 OpenLink Virtuoso Universal Server
07:28:40 Version 07.20.3229-pthreads for Linux as of Aug 22 2018
07:28:40 uses parts of OpenSSL, PCRE, Html Tidy
07:28:40 Database version 3126
07:28:40 SQL Optimizer enabled (max 1000 layouts)
07:28:42 Compiler unit is timed at 0.000200 msec
07:28:45 Roll forward started
07:28:45     29 transactions, 2495 bytes replayed (100 %)
07:28:45 Roll forward complete
07:28:46 Checkpoint started
07:28:46 Checkpoint finished, log reused
07:28:47 HTTP/WebDAV server online at 8890
07:28:47 Server online at 1111 (pid 1)
08:28:48 Checkpoint started
08:28:48 Checkpoint finished, log reused
09:28:50 Checkpoint started
09:28:50 Checkpoint finished, log reused
10:47:42 Checkpoint started
10:47:42 Checkpoint finished, log reused
11:47:43 Checkpoint started
11:47:44 Checkpoint finished, log reused
12:47:44 Checkpoint started
12:47:44 Checkpoint finished, log reused
13:00:04 Server received signal 15
13:00:04 Initiating quick shutdown
13:00:04 Server shutdown complete

		Tue Mar 12 2019
13:00:10 OpenLink Virtuoso Universal Server
13:00:10 Version 07.20.3229-pthreads for Linux as of Aug 22 2018
13:00:10 uses parts of OpenSSL, PCRE, Html Tidy
13:00:10 Database version 3126
13:00:10 SQL Optimizer enabled (max 1000 layouts)
13:00:12 Compiler unit is timed at 0.000136 msec
13:00:14 Roll forward started
13:00:14     29 transactions, 2495 bytes replayed (100 %)
13:00:14 Roll forward complete
13:00:15 Checkpoint started
13:00:15 Checkpoint finished, log reused
13:00:15 HTTP/WebDAV server online at 8890
13:00:15 Server online at 1111 (pid 1)
14:00:15 Checkpoint started
14:00:15 Checkpoint finished, log reused
15:04:45 Checkpoint started
15:04:45 Checkpoint finished, log reused
15:29:37 Server received signal 15
15:29:37 Initiating quick shutdown
15:29:37 Server shutdown complete

		Tue Mar 12 2019
15:31:46 OpenLink Virtuoso Universal Server
15:31:46 Version 07.20.3229-pthreads for Linux as of Aug 22 2018
15:31:46 uses parts of OpenSSL, PCRE, Html Tidy
15:31:46 Database version 3126
15:31:46 SQL Optimizer enabled (max 1000 layouts)
15:31:47 Compiler unit is timed at 0.000144 msec
15:31:50 Roll forward started
15:31:50     48 transactions, 5739 bytes replayed (100 %)
15:31:50 Roll forward complete
15:31:51 Checkpoint started
15:31:51 Checkpoint finished, log reused
15:31:51 HTTP/WebDAV server online at 8890
15:31:51 Server online at 1111 (pid 1)
21:45:11 Checkpoint started
21:45:11 Checkpoint finished, log reused

		Wed Mar 13 2019
03:53:05 Checkpoint started
03:53:05 Checkpoint finished, log reused
05:31:50 Checkpoint started
05:31:50 Checkpoint finished, log reused
06:31:50 Checkpoint started
06:31:50 Checkpoint finished, log reused
08:31:58 Checkpoint started
08:31:58 Checkpoint finished, log reused
08:53:43 Server received signal 15
08:53:43 Initiating quick shutdown
08:53:43 Server shutdown complete

		Wed Mar 13 2019
08:53:49 OpenLink Virtuoso Universal Server
08:53:49 Version 07.20.3229-pthreads for Linux as of Aug 22 2018
08:53:49 uses parts of OpenSSL, PCRE, Html Tidy
08:53:49 Database version 3126
08:53:50 SQL Optimizer enabled (max 1000 layouts)
08:53:51 Compiler unit is timed at 0.000155 msec
08:53:53 Roll forward started
08:53:53     40 transactions, 3470 bytes replayed (100 %)
08:53:53 Roll forward complete
08:53:54 Checkpoint started
08:53:54 Checkpoint finished, log reused
08:53:55 HTTP/WebDAV server online at 8890
08:53:55 Server online at 1111 (pid 1)
09:54:02 Checkpoint started
09:54:03 Checkpoint finished, log reused
10:54:04 Checkpoint started
10:54:04 Checkpoint finished, log reused
12:04:12 Checkpoint started
12:04:12 Checkpoint finished, log reused
13:04:14 Checkpoint started
13:04:14 Checkpoint finished, log reused
14:04:16 Checkpoint started
14:04:16 Checkpoint finished, log reused
14:59:24 Server received signal 15
14:59:24 Initiating quick shutdown
14:59:24 Server shutdown complete

		Fri Mar 15 2019
09:15:27 OpenLink Virtuoso Universal Server
09:15:27 Version 07.20.3229-pthreads for Linux as of Aug 22 2018
09:15:27 uses parts of OpenSSL, PCRE, Html Tidy
09:15:27 Database version 3126
09:15:27 SQL Optimizer enabled (max 1000 layouts)
09:15:29 Compiler unit is timed at 0.000168 msec
09:15:32 Roll forward started
09:15:32     77 transactions, 6771 bytes replayed (100 %)
09:15:32 Roll forward complete
09:15:34 Checkpoint started
09:15:34 Checkpoint finished, log reused
09:15:34 HTTP/WebDAV server online at 8890
09:15:34 Server online at 1111 (pid 1)

		Fri Mar 15 2019
09:50:59 OpenLink Virtuoso Universal Server
09:50:59 Version 07.20.3229-pthreads for Linux as of Aug 22 2018
09:50:59 uses parts of OpenSSL, PCRE, Html Tidy
09:50:59 Database version 3126
09:50:59 SQL Optimizer enabled (max 1000 layouts)
09:51:00 Compiler unit is timed at 0.000165 msec
09:51:03 Roll forward started
09:51:03     30 transactions, 2573 bytes replayed (100 %)
09:51:03 Roll forward complete
09:51:04 Checkpoint started
09:51:04 Checkpoint finished, log reused
09:51:04 HTTP/WebDAV server online at 8890
09:51:04 Server online at 1111 (pid 1)

		Fri Mar 15 2019
10:00:38 OpenLink Virtuoso Universal Server
10:00:38 Version 07.20.3229-pthreads for Linux as of Aug 22 2018
10:00:38 uses parts of OpenSSL, PCRE, Html Tidy
10:00:38 Database version 3126
10:00:38 SQL Optimizer enabled (max 1000 layouts)
10:00:39 Compiler unit is timed at 0.000136 msec
10:00:40 Roll forward started
10:00:40     3 transactions, 185 bytes replayed (100 %)
10:00:40 Roll forward complete
10:00:41 Checkpoint started
10:00:41 Checkpoint finished, log reused
10:00:41 HTTP/WebDAV server online at 8890
10:00:41 Server online at 1111 (pid 1)

		Fri Mar 15 2019
10:04:34 OpenLink Virtuoso Universal Server
10:04:34 Version 07.20.3229-pthreads for Linux as of Aug 22 2018
10:04:34 uses parts of OpenSSL, PCRE, Html Tidy
10:04:34 Database version 3126
10:04:34 SQL Optimizer enabled (max 1000 layouts)
10:04:35 Compiler unit is timed at 0.000172 msec
10:04:37 Roll forward started
10:04:37     10 transactions, 2188 bytes replayed (100 %)
10:04:37 Roll forward complete
10:04:38 Checkpoint started
10:04:38 Checkpoint finished, log reused
10:04:38 HTTP/WebDAV server online at 8890
10:04:38 Server online at 1111 (pid 1)

		Fri Mar 15 2019
10:27:31 OpenLink Virtuoso Universal Server
10:27:31 Version 07.20.3229-pthreads for Linux as of Aug 22 2018
10:27:31 uses parts of OpenSSL, PCRE, Html Tidy
10:27:31 Database version 3126
10:27:31 SQL Optimizer enabled (max 1000 layouts)
10:27:32 Compiler unit is timed at 0.000141 msec
10:27:34 Roll forward started
10:27:34     24 transactions, 1994 bytes replayed (100 %)
10:27:34 Roll forward complete
10:27:35 Checkpoint started
10:27:36 Checkpoint finished, log reused
10:27:36 HTTP/WebDAV server online at 8890
10:27:36 Server online at 1111 (pid 1)
11:40:36 Checkpoint started
11:40:36 Checkpoint finished, log reused

		Fri Mar 15 2019
12:01:12 OpenLink Virtuoso Universal Server
12:01:12 Version 07.20.3229-pthreads for Linux as of Aug 22 2018
12:01:12 uses parts of OpenSSL, PCRE, Html Tidy
12:01:12 Database version 3126
12:01:12 SQL Optimizer enabled (max 1000 layouts)
12:01:13 Compiler unit is timed at 0.000170 msec
12:01:17 Roll forward started
12:01:17     39 transactions, 3392 bytes replayed (100 %)
12:01:17 Roll forward complete
12:01:18 Checkpoint started
12:01:18 Checkpoint finished, log reused
12:01:19 HTTP/WebDAV server online at 8890
12:01:19 Server online at 1111 (pid 1)

		Fri Mar 15 2019
12:03:07 OpenLink Virtuoso Universal Server
12:03:07 Version 07.20.3229-pthreads for Linux as of Aug 22 2018
12:03:07 uses parts of OpenSSL, PCRE, Html Tidy
12:03:07 Database version 3126
12:03:07 SQL Optimizer enabled (max 1000 layouts)
12:03:08 Compiler unit is timed at 0.000121 msec
12:03:09 Roll forward started
12:03:09     3 transactions, 185 bytes replayed (100 %)
12:03:09 Roll forward complete
12:03:10 Checkpoint started
12:03:10 Checkpoint finished, log reused
12:03:10 HTTP/WebDAV server online at 8890
12:03:10 Server online at 1111 (pid 1)
13:03:12 Checkpoint started
13:03:12 Checkpoint finished, log reused
14:03:13 Checkpoint started
14:03:13 Checkpoint finished, log reused
15:03:14 Checkpoint started
15:03:15 Checkpoint finished, log reused
16:03:15 Checkpoint started
16:03:15 Checkpoint finished, log reused

		Wed Mar 20 2019
12:59:23 OpenLink Virtuoso Universal Server
12:59:23 Version 07.20.3229-pthreads for Linux as of Aug 22 2018
12:59:23 uses parts of OpenSSL, PCRE, Html Tidy
12:59:23 Database version 3126
12:59:23 SQL Optimizer enabled (max 1000 layouts)
12:59:24 Compiler unit is timed at 0.000141 msec
12:59:26 Roll forward started
12:59:26     15 transactions, 1254 bytes replayed (100 %)
12:59:26 Roll forward complete
12:59:27 Checkpoint started
12:59:28 Checkpoint finished, log reused
12:59:30 HTTP/WebDAV server online at 8890
12:59:30 Server online at 1111 (pid 1)

		Wed Mar 20 2019
13:05:30 OpenLink Virtuoso Universal Server
13:05:30 Version 07.20.3229-pthreads for Linux as of Aug 22 2018
13:05:30 uses parts of OpenSSL, PCRE, Html Tidy
13:05:30 Database version 3126
13:05:30 SQL Optimizer enabled (max 1000 layouts)
13:05:31 Compiler unit is timed at 0.000140 msec
13:05:33 Roll forward started
13:05:33     3 transactions, 185 bytes replayed (100 %)
13:05:33 Roll forward complete
13:05:34 Checkpoint started
13:05:34 Checkpoint finished, log reused
13:05:35 HTTP/WebDAV server online at 8890
13:05:35 Server online at 1111 (pid 1)

		Thu Mar 21 2019
07:55:46 OpenLink Virtuoso Universal Server
07:55:46 Version 07.20.3229-pthreads for Linux as of Aug 22 2018
07:55:46 uses parts of OpenSSL, PCRE, Html Tidy
07:55:46 Database version 3126
07:55:46 SQL Optimizer enabled (max 1000 layouts)
07:55:48 Compiler unit is timed at 0.000145 msec
07:55:50 Roll forward started
07:55:50     3 transactions, 185 bytes replayed (100 %)
07:55:50 Roll forward complete
07:55:52 Checkpoint started
07:55:52 Checkpoint finished, log reused
07:55:52 HTTP/WebDAV server online at 8890
07:55:52 Server online at 1111 (pid 1)
